mode: atomic
github.com/eclipsemode/go-todo-app/cmd/todo-list/main.go:29.13,30.40 1 0
github.com/eclipsemode/go-todo-app/cmd/todo-list/main.go:30.40,32.3 1 0
github.com/eclipsemode/go-todo-app/cmd/todo-list/main.go:34.2,37.16 3 0
github.com/eclipsemode/go-todo-app/cmd/todo-list/main.go:37.16,39.3 1 0
github.com/eclipsemode/go-todo-app/cmd/todo-list/main.go:41.2,42.16 2 0
github.com/eclipsemode/go-todo-app/cmd/todo-list/main.go:42.16,44.3 1 0
github.com/eclipsemode/go-todo-app/cmd/todo-list/main.go:47.16,49.16 2 0
github.com/eclipsemode/go-todo-app/cmd/todo-list/main.go:49.16,50.13 1 0
github.com/eclipsemode/go-todo-app/cmd/todo-list/main.go:53.2,53.21 1 0
github.com/eclipsemode/go-todo-app/docs/docs.go:398.13,400.2 1 0
github.com/eclipsemode/go-todo-app/internal/app/app.go:20.29,26.16 4 0
github.com/eclipsemode/go-todo-app/internal/app/app.go:26.16,30.3 2 0
github.com/eclipsemode/go-todo-app/internal/app/app.go:32.2,38.17 2 0
github.com/eclipsemode/go-todo-app/internal/app/app.go:41.29,43.2 1 0
github.com/eclipsemode/go-todo-app/internal/app/app.go:45.35,46.14 1 0
github.com/eclipsemode/go-todo-app/internal/app/app.go:46.14,48.3 1 0
github.com/eclipsemode/go-todo-app/internal/app/app.go:49.2,49.15 1 0
github.com/eclipsemode/go-todo-app/internal/app/http.go:11.39,13.16 2 0
github.com/eclipsemode/go-todo-app/internal/app/http.go:13.16,15.3 1 0
github.com/eclipsemode/go-todo-app/internal/app/http.go:17.2,19.12 2 0
github.com/eclipsemode/go-todo-app/internal/app/http.go:22.39,34.2 6 0
github.com/eclipsemode/go-todo-app/internal/app/http.go:36.50,43.2 4 0
github.com/eclipsemode/go-todo-app/internal/config/config.go:21.25,24.16 2 0
github.com/eclipsemode/go-todo-app/internal/config/config.go:24.16,25.37 1 0
github.com/eclipsemode/go-todo-app/internal/config/config.go:28.2,28.49 1 0
github.com/eclipsemode/go-todo-app/internal/config/config.go:28.49,29.33 1 0
github.com/eclipsemode/go-todo-app/internal/config/config.go:32.2,34.56 2 0
github.com/eclipsemode/go-todo-app/internal/config/config.go:34.56,35.13 1 0
github.com/eclipsemode/go-todo-app/internal/config/config.go:38.2,38.13 1 0
github.com/eclipsemode/go-todo-app/internal/config/config.go:41.31,47.15 4 0
github.com/eclipsemode/go-todo-app/internal/config/config.go:47.15,49.3 1 0
github.com/eclipsemode/go-todo-app/internal/config/config.go:51.2,51.12 1 0
github.com/eclipsemode/go-todo-app/internal/handlers/handlers.go:12.102,14.2 2 0
github.com/eclipsemode/go-todo-app/internal/handlers/handlers.go:14.2,16.17 2 0
github.com/eclipsemode/go-todo-app/internal/handlers/handlers.go:16.17,20.4 2 0
github.com/eclipsemode/go-todo-app/internal/handlers/handlers.go:22.2,22.19 1 0
github.com/eclipsemode/go-todo-app/internal/handlers/http/http.go:15.59,25.2 1 0
github.com/eclipsemode/go-todo-app/internal/handlers/http/http.go:27.42,28.12 1 0
github.com/eclipsemode/go-todo-app/internal/handlers/http/http.go:28.12,29.89 1 0
github.com/eclipsemode/go-todo-app/internal/handlers/http/http.go:29.89,31.4 1 0
github.com/eclipsemode/go-todo-app/internal/handlers/http/router.go:18.26,24.2 3 0
github.com/eclipsemode/go-todo-app/internal/handlers/http/router.go:26.40,29.2 2 0
github.com/eclipsemode/go-todo-app/internal/handlers/http/router.go:31.81,33.16 2 0
github.com/eclipsemode/go-todo-app/internal/handlers/http/router.go:33.16,35.3 1 0
github.com/eclipsemode/go-todo-app/internal/handlers/http/router.go:37.2,37.10 1 0
github.com/eclipsemode/go-todo-app/internal/lib/api/api.go:13.46,17.69 2 0
github.com/eclipsemode/go-todo-app/internal/lib/api/api.go:17.69,19.4 1 0
github.com/eclipsemode/go-todo-app/internal/lib/api/api.go:22.2,23.16 2 0
github.com/eclipsemode/go-todo-app/internal/lib/api/api.go:23.16,25.3 1 0
github.com/eclipsemode/go-todo-app/internal/lib/api/api.go:27.2,27.15 1 0
github.com/eclipsemode/go-todo-app/internal/lib/api/api.go:27.15,27.40 1 0
github.com/eclipsemode/go-todo-app/internal/lib/api/api.go:29.2,29.41 1 0
github.com/eclipsemode/go-todo-app/internal/lib/api/api.go:29.41,31.3 1 0
github.com/eclipsemode/go-todo-app/internal/lib/api/api.go:33.2,33.41 1 0
github.com/eclipsemode/go-todo-app/internal/lib/api/response/responseApi.go:19.20,23.2 1 0
github.com/eclipsemode/go-todo-app/internal/lib/api/response/responseApi.go:25.33,30.2 1 0
github.com/eclipsemode/go-todo-app/internal/lib/api/response/responseApi.go:32.64,35.27 2 0
github.com/eclipsemode/go-todo-app/internal/lib/api/response/responseApi.go:35.27,36.26 1 0
github.com/eclipsemode/go-todo-app/internal/lib/api/response/responseApi.go:37.19,38.81 1 0
github.com/eclipsemode/go-todo-app/internal/lib/api/response/responseApi.go:39.14,40.127 1 0
github.com/eclipsemode/go-todo-app/internal/lib/api/response/responseApi.go:41.11,42.82 1 0
github.com/eclipsemode/go-todo-app/internal/lib/api/response/responseApi.go:46.2,49.3 1 0
github.com/eclipsemode/go-todo-app/internal/lib/logger/handlers/slogdiscard/slogdiscard.go:8.38,10.2 1 0
github.com/eclipsemode/go-todo-app/internal/lib/logger/handlers/slogdiscard/slogdiscard.go:14.42,16.2 1 0
github.com/eclipsemode/go-todo-app/internal/lib/logger/handlers/slogdiscard/slogdiscard.go:18.73,21.2 1 0
github.com/eclipsemode/go-todo-app/internal/lib/logger/handlers/slogdiscard/slogdiscard.go:23.64,26.2 1 0
github.com/eclipsemode/go-todo-app/internal/lib/logger/handlers/slogdiscard/slogdiscard.go:28.59,31.2 1 0
github.com/eclipsemode/go-todo-app/internal/lib/logger/handlers/slogdiscard/slogdiscard.go:33.72,36.2 1 0
github.com/eclipsemode/go-todo-app/internal/lib/logger/sl/sl.go:5.31,10.2 1 0
github.com/eclipsemode/go-todo-app/internal/storage/sqlite/sqlite.go:13.48,17.16 3 0
github.com/eclipsemode/go-todo-app/internal/storage/sqlite/sqlite.go:17.16,19.3 1 0
github.com/eclipsemode/go-todo-app/internal/storage/sqlite/sqlite.go:21.2,31.16 2 0
github.com/eclipsemode/go-todo-app/internal/storage/sqlite/sqlite.go:31.16,33.3 1 0
github.com/eclipsemode/go-todo-app/internal/storage/sqlite/sqlite.go:35.2,36.16 2 0
github.com/eclipsemode/go-todo-app/internal/storage/sqlite/sqlite.go:36.16,38.3 1 0
github.com/eclipsemode/go-todo-app/internal/storage/sqlite/sqlite.go:40.2,40.30 1 0
github.com/eclipsemode/go-todo-app/internal/storage/sqlite/todos.go:20.80,24.16 3 0
github.com/eclipsemode/go-todo-app/internal/storage/sqlite/todos.go:24.16,26.3 1 0
github.com/eclipsemode/go-todo-app/internal/storage/sqlite/todos.go:28.2,29.16 2 0
github.com/eclipsemode/go-todo-app/internal/storage/sqlite/todos.go:29.16,31.3 1 0
github.com/eclipsemode/go-todo-app/internal/storage/sqlite/todos.go:33.2,34.16 2 0
github.com/eclipsemode/go-todo-app/internal/storage/sqlite/todos.go:34.16,36.3 1 0
github.com/eclipsemode/go-todo-app/internal/storage/sqlite/todos.go:38.2,38.27 1 0
github.com/eclipsemode/go-todo-app/internal/storage/sqlite/todos.go:42.56,47.16 4 0
github.com/eclipsemode/go-todo-app/internal/storage/sqlite/todos.go:47.16,49.3 1 0
github.com/eclipsemode/go-todo-app/internal/storage/sqlite/todos.go:51.2,52.16 2 0
github.com/eclipsemode/go-todo-app/internal/storage/sqlite/todos.go:52.16,54.3 1 0
github.com/eclipsemode/go-todo-app/internal/storage/sqlite/todos.go:56.2,56.29 1 0
github.com/eclipsemode/go-todo-app/internal/storage/sqlite/todos.go:56.29,57.38 1 0
github.com/eclipsemode/go-todo-app/internal/storage/sqlite/todos.go:57.38,60.4 2 0
github.com/eclipsemode/go-todo-app/internal/storage/sqlite/todos.go:61.3,62.17 2 0
github.com/eclipsemode/go-todo-app/internal/storage/sqlite/todos.go:62.18,64.4 0 0
github.com/eclipsemode/go-todo-app/internal/storage/sqlite/todos.go:67.2,67.18 1 0
github.com/eclipsemode/go-todo-app/internal/storage/sqlite/todos.go:67.18,69.111 2 0
github.com/eclipsemode/go-todo-app/internal/storage/sqlite/todos.go:69.111,71.4 1 0
github.com/eclipsemode/go-todo-app/internal/storage/sqlite/todos.go:72.3,72.30 1 0
github.com/eclipsemode/go-todo-app/internal/storage/sqlite/todos.go:75.2,75.19 1 0
github.com/eclipsemode/go-todo-app/internal/storage/sqlite/todos.go:78.63,82.16 3 0
github.com/eclipsemode/go-todo-app/internal/storage/sqlite/todos.go:82.16,84.3 1 0
github.com/eclipsemode/go-todo-app/internal/storage/sqlite/todos.go:86.2,88.15 2 0
github.com/eclipsemode/go-todo-app/internal/storage/sqlite/todos.go:88.15,89.38 1 0
github.com/eclipsemode/go-todo-app/internal/storage/sqlite/todos.go:89.38,92.4 2 0
github.com/eclipsemode/go-todo-app/internal/storage/sqlite/todos.go:95.2,97.109 2 0
github.com/eclipsemode/go-todo-app/internal/storage/sqlite/todos.go:97.109,99.3 1 0
github.com/eclipsemode/go-todo-app/internal/storage/sqlite/todos.go:101.2,101.18 1 0
github.com/eclipsemode/go-todo-app/internal/storage/sqlite/todos.go:104.51,108.16 3 0
github.com/eclipsemode/go-todo-app/internal/storage/sqlite/todos.go:108.16,110.3 1 0
github.com/eclipsemode/go-todo-app/internal/storage/sqlite/todos.go:112.2,112.15 1 0
github.com/eclipsemode/go-todo-app/internal/storage/sqlite/todos.go:112.15,113.38 1 0
github.com/eclipsemode/go-todo-app/internal/storage/sqlite/todos.go:113.38,116.4 2 0
github.com/eclipsemode/go-todo-app/internal/storage/sqlite/todos.go:119.2,120.16 2 0
github.com/eclipsemode/go-todo-app/internal/storage/sqlite/todos.go:120.16,122.3 1 0
github.com/eclipsemode/go-todo-app/internal/storage/sqlite/todos.go:123.2,123.12 1 0
github.com/eclipsemode/go-todo-app/internal/storage/sqlite/todos.go:126.105,130.16 3 0
github.com/eclipsemode/go-todo-app/internal/storage/sqlite/todos.go:130.16,132.3 1 0
github.com/eclipsemode/go-todo-app/internal/storage/sqlite/todos.go:134.2,134.15 1 0
github.com/eclipsemode/go-todo-app/internal/storage/sqlite/todos.go:134.15,135.38 1 0
github.com/eclipsemode/go-todo-app/internal/storage/sqlite/todos.go:135.38,138.4 2 0
github.com/eclipsemode/go-todo-app/internal/storage/sqlite/todos.go:141.2,142.16 2 0
github.com/eclipsemode/go-todo-app/internal/storage/sqlite/todos.go:142.16,144.3 1 0
github.com/eclipsemode/go-todo-app/internal/storage/sqlite/todos.go:146.2,146.16 1 0
github.com/eclipsemode/go-todo-app/internal/usecase/todos/todos.go:13.41,15.2 1 0
github.com/eclipsemode/go-todo-app/internal/usecase/todos/todos.go:17.81,19.2 1 0
github.com/eclipsemode/go-todo-app/internal/usecase/todos/todos.go:21.57,23.2 1 0
github.com/eclipsemode/go-todo-app/internal/usecase/todos/todos.go:25.64,27.2 1 0
github.com/eclipsemode/go-todo-app/internal/usecase/todos/todos.go:29.52,31.2 1 0
github.com/eclipsemode/go-todo-app/internal/usecase/todos/todos.go:33.102,35.2 1 0
github.com/eclipsemode/go-todo-app/internal/storage/sqlite/mocks/TodoRepo.go:18.82,21.19 2 0
github.com/eclipsemode/go-todo-app/internal/storage/sqlite/mocks/TodoRepo.go:21.19,22.52 1 0
github.com/eclipsemode/go-todo-app/internal/storage/sqlite/mocks/TodoRepo.go:25.2,27.69 3 0
github.com/eclipsemode/go-todo-app/internal/storage/sqlite/mocks/TodoRepo.go:27.69,29.3 1 0
github.com/eclipsemode/go-todo-app/internal/storage/sqlite/mocks/TodoRepo.go:30.2,30.60 1 0
github.com/eclipsemode/go-todo-app/internal/storage/sqlite/mocks/TodoRepo.go:30.60,32.3 1 0
github.com/eclipsemode/go-todo-app/internal/storage/sqlite/mocks/TodoRepo.go:32.8,34.3 1 0
github.com/eclipsemode/go-todo-app/internal/storage/sqlite/mocks/TodoRepo.go:36.2,36.59 1 0
github.com/eclipsemode/go-todo-app/internal/storage/sqlite/mocks/TodoRepo.go:36.59,38.3 1 0
github.com/eclipsemode/go-todo-app/internal/storage/sqlite/mocks/TodoRepo.go:38.8,40.3 1 0
github.com/eclipsemode/go-todo-app/internal/storage/sqlite/mocks/TodoRepo.go:42.2,42.15 1 0
github.com/eclipsemode/go-todo-app/internal/storage/sqlite/mocks/TodoRepo.go:46.53,49.19 2 0
github.com/eclipsemode/go-todo-app/internal/storage/sqlite/mocks/TodoRepo.go:49.19,50.56 1 0
github.com/eclipsemode/go-todo-app/internal/storage/sqlite/mocks/TodoRepo.go:53.2,54.51 2 0
github.com/eclipsemode/go-todo-app/internal/storage/sqlite/mocks/TodoRepo.go:54.51,56.3 1 0
github.com/eclipsemode/go-todo-app/internal/storage/sqlite/mocks/TodoRepo.go:56.8,58.3 1 0
github.com/eclipsemode/go-todo-app/internal/storage/sqlite/mocks/TodoRepo.go:60.2,60.11 1 0
github.com/eclipsemode/go-todo-app/internal/storage/sqlite/mocks/TodoRepo.go:64.58,67.19 2 0
github.com/eclipsemode/go-todo-app/internal/storage/sqlite/mocks/TodoRepo.go:67.19,68.53 1 0
github.com/eclipsemode/go-todo-app/internal/storage/sqlite/mocks/TodoRepo.go:71.2,73.62 3 0
github.com/eclipsemode/go-todo-app/internal/storage/sqlite/mocks/TodoRepo.go:73.62,75.3 1 0
github.com/eclipsemode/go-todo-app/internal/storage/sqlite/mocks/TodoRepo.go:76.2,76.53 1 0
github.com/eclipsemode/go-todo-app/internal/storage/sqlite/mocks/TodoRepo.go:76.53,78.3 1 0
github.com/eclipsemode/go-todo-app/internal/storage/sqlite/mocks/TodoRepo.go:78.8,79.24 1 0
github.com/eclipsemode/go-todo-app/internal/storage/sqlite/mocks/TodoRepo.go:79.24,81.4 1 0
github.com/eclipsemode/go-todo-app/internal/storage/sqlite/mocks/TodoRepo.go:84.2,84.45 1 0
github.com/eclipsemode/go-todo-app/internal/storage/sqlite/mocks/TodoRepo.go:84.45,86.3 1 0
github.com/eclipsemode/go-todo-app/internal/storage/sqlite/mocks/TodoRepo.go:86.8,88.3 1 0
github.com/eclipsemode/go-todo-app/internal/storage/sqlite/mocks/TodoRepo.go:90.2,90.15 1 0
github.com/eclipsemode/go-todo-app/internal/storage/sqlite/mocks/TodoRepo.go:94.65,97.19 2 0
github.com/eclipsemode/go-todo-app/internal/storage/sqlite/mocks/TodoRepo.go:97.19,98.53 1 0
github.com/eclipsemode/go-todo-app/internal/storage/sqlite/mocks/TodoRepo.go:101.2,103.66 3 0
github.com/eclipsemode/go-todo-app/internal/storage/sqlite/mocks/TodoRepo.go:103.66,105.3 1 0
github.com/eclipsemode/go-todo-app/internal/storage/sqlite/mocks/TodoRepo.go:106.2,106.57 1 0
github.com/eclipsemode/go-todo-app/internal/storage/sqlite/mocks/TodoRepo.go:106.57,108.3 1 0
github.com/eclipsemode/go-todo-app/internal/storage/sqlite/mocks/TodoRepo.go:108.8,110.3 1 0
github.com/eclipsemode/go-todo-app/internal/storage/sqlite/mocks/TodoRepo.go:112.2,112.51 1 0
github.com/eclipsemode/go-todo-app/internal/storage/sqlite/mocks/TodoRepo.go:112.51,114.3 1 0
github.com/eclipsemode/go-todo-app/internal/storage/sqlite/mocks/TodoRepo.go:114.8,116.3 1 0
github.com/eclipsemode/go-todo-app/internal/storage/sqlite/mocks/TodoRepo.go:118.2,118.15 1 0
github.com/eclipsemode/go-todo-app/internal/storage/sqlite/mocks/TodoRepo.go:122.103,125.19 2 0
github.com/eclipsemode/go-todo-app/internal/storage/sqlite/mocks/TodoRepo.go:125.19,126.56 1 0
github.com/eclipsemode/go-todo-app/internal/storage/sqlite/mocks/TodoRepo.go:129.2,131.83 3 0
github.com/eclipsemode/go-todo-app/internal/storage/sqlite/mocks/TodoRepo.go:131.83,133.3 1 0
github.com/eclipsemode/go-todo-app/internal/storage/sqlite/mocks/TodoRepo.go:134.2,134.74 1 0
github.com/eclipsemode/go-todo-app/internal/storage/sqlite/mocks/TodoRepo.go:134.74,136.3 1 0
github.com/eclipsemode/go-todo-app/internal/storage/sqlite/mocks/TodoRepo.go:136.8,137.24 1 0
github.com/eclipsemode/go-todo-app/internal/storage/sqlite/mocks/TodoRepo.go:137.24,139.4 1 0
github.com/eclipsemode/go-todo-app/internal/storage/sqlite/mocks/TodoRepo.go:142.2,142.70 1 0
github.com/eclipsemode/go-todo-app/internal/storage/sqlite/mocks/TodoRepo.go:142.70,144.3 1 0
github.com/eclipsemode/go-todo-app/internal/storage/sqlite/mocks/TodoRepo.go:144.8,146.3 1 0
github.com/eclipsemode/go-todo-app/internal/storage/sqlite/mocks/TodoRepo.go:148.2,148.15 1 0
github.com/eclipsemode/go-todo-app/internal/storage/sqlite/mocks/TodoRepo.go:156.14,160.19 3 0
github.com/eclipsemode/go-todo-app/internal/storage/sqlite/mocks/TodoRepo.go:160.19,160.49 1 0
github.com/eclipsemode/go-todo-app/internal/storage/sqlite/mocks/TodoRepo.go:162.2,162.13 1 0
github.com/eclipsemode/go-todo-app/internal/handlers/http/api/todos/create.go:38.59,48.45 4 0
github.com/eclipsemode/go-todo-app/internal/handlers/http/api/todos/create.go:48.45,54.3 3 0
github.com/eclipsemode/go-todo-app/internal/handlers/http/api/todos/create.go:56.2,58.52 2 0
github.com/eclipsemode/go-todo-app/internal/handlers/http/api/todos/create.go:58.52,67.3 5 0
github.com/eclipsemode/go-todo-app/internal/handlers/http/api/todos/create.go:69.2,70.46 2 0
github.com/eclipsemode/go-todo-app/internal/handlers/http/api/todos/create.go:70.46,76.3 3 0
github.com/eclipsemode/go-todo-app/internal/handlers/http/api/todos/create.go:77.2,77.16 1 0
github.com/eclipsemode/go-todo-app/internal/handlers/http/api/todos/create.go:77.16,83.3 3 0
github.com/eclipsemode/go-todo-app/internal/handlers/http/api/todos/create.go:85.2,87.50 2 0
github.com/eclipsemode/go-todo-app/internal/handlers/http/api/todos/create.go:90.74,96.2 1 0
github.com/eclipsemode/go-todo-app/internal/handlers/http/api/todos/deleteTodoById.go:28.56,39.16 5 0
github.com/eclipsemode/go-todo-app/internal/handlers/http/api/todos/deleteTodoById.go:39.16,45.3 3 0
github.com/eclipsemode/go-todo-app/internal/handlers/http/api/todos/deleteTodoById.go:47.2,49.29 2 0
github.com/eclipsemode/go-todo-app/internal/handlers/http/api/todos/deleteTodoById.go:52.47,56.2 1 0
github.com/eclipsemode/go-todo-app/internal/handlers/http/api/todos/getAll.go:29.60,38.16 4 0
github.com/eclipsemode/go-todo-app/internal/handlers/http/api/todos/getAll.go:38.16,44.3 3 0
github.com/eclipsemode/go-todo-app/internal/handlers/http/api/todos/getAll.go:46.2,48.33 2 0
github.com/eclipsemode/go-todo-app/internal/handlers/http/api/todos/getAll.go:51.65,56.2 1 0
github.com/eclipsemode/go-todo-app/internal/handlers/http/api/todos/getById.go:30.53,41.16 5 0
github.com/eclipsemode/go-todo-app/internal/handlers/http/api/todos/getById.go:41.16,47.3 3 0
github.com/eclipsemode/go-todo-app/internal/handlers/http/api/todos/getById.go:49.2,51.32 2 0
github.com/eclipsemode/go-todo-app/internal/handlers/http/api/todos/getById.go:55.62,60.2 1 0
github.com/eclipsemode/go-todo-app/internal/handlers/http/api/todos/handler.go:15.87,30.2 8 0
github.com/eclipsemode/go-todo-app/internal/handlers/http/api/todos/updateTodo.go:40.59,51.16 5 0
github.com/eclipsemode/go-todo-app/internal/handlers/http/api/todos/updateTodo.go:51.16,53.3 1 0
github.com/eclipsemode/go-todo-app/internal/handlers/http/api/todos/updateTodo.go:55.2,57.45 2 0
github.com/eclipsemode/go-todo-app/internal/handlers/http/api/todos/updateTodo.go:57.45,63.3 3 0
github.com/eclipsemode/go-todo-app/internal/handlers/http/api/todos/updateTodo.go:65.2,65.52 1 0
github.com/eclipsemode/go-todo-app/internal/handlers/http/api/todos/updateTodo.go:65.52,74.3 5 0
github.com/eclipsemode/go-todo-app/internal/handlers/http/api/todos/updateTodo.go:76.2,77.16 2 0
github.com/eclipsemode/go-todo-app/internal/handlers/http/api/todos/updateTodo.go:77.16,83.3 3 0
github.com/eclipsemode/go-todo-app/internal/handlers/http/api/todos/updateTodo.go:85.2,95.4 2 0
github.com/eclipsemode/go-todo-app/internal/handlers/http/api/todos/updateTodo.go:98.61,100.2 1 0
github.com/eclipsemode/go-todo-app/internal/lib/api/response/responseApi.go:19.20,23.2 1 0
github.com/eclipsemode/go-todo-app/internal/lib/api/response/responseApi.go:25.33,30.2 1 0
github.com/eclipsemode/go-todo-app/internal/lib/api/response/responseApi.go:32.64,35.27 2 0
github.com/eclipsemode/go-todo-app/internal/lib/api/response/responseApi.go:35.27,36.26 1 0
github.com/eclipsemode/go-todo-app/internal/lib/api/response/responseApi.go:37.19,38.81 1 0
github.com/eclipsemode/go-todo-app/internal/lib/api/response/responseApi.go:39.14,40.127 1 0
github.com/eclipsemode/go-todo-app/internal/lib/api/response/responseApi.go:41.11,42.82 1 0
github.com/eclipsemode/go-todo-app/internal/lib/api/response/responseApi.go:46.2,49.3 1 0
github.com/eclipsemode/go-todo-app/internal/lib/logger/sl/sl.go:5.31,10.2 1 0
github.com/eclipsemode/go-todo-app/internal/storage/sqlite/sqlite.go:13.48,17.16 3 0
github.com/eclipsemode/go-todo-app/internal/storage/sqlite/sqlite.go:17.16,19.3 1 0
github.com/eclipsemode/go-todo-app/internal/storage/sqlite/sqlite.go:21.2,31.16 2 0
github.com/eclipsemode/go-todo-app/internal/storage/sqlite/sqlite.go:31.16,33.3 1 0
github.com/eclipsemode/go-todo-app/internal/storage/sqlite/sqlite.go:35.2,36.16 2 0
github.com/eclipsemode/go-todo-app/internal/storage/sqlite/sqlite.go:36.16,38.3 1 0
github.com/eclipsemode/go-todo-app/internal/storage/sqlite/sqlite.go:40.2,40.30 1 0
github.com/eclipsemode/go-todo-app/internal/storage/sqlite/todos.go:20.80,24.16 3 0
github.com/eclipsemode/go-todo-app/internal/storage/sqlite/todos.go:24.16,26.3 1 0
github.com/eclipsemode/go-todo-app/internal/storage/sqlite/todos.go:28.2,29.16 2 0
github.com/eclipsemode/go-todo-app/internal/storage/sqlite/todos.go:29.16,31.3 1 0
github.com/eclipsemode/go-todo-app/internal/storage/sqlite/todos.go:33.2,34.16 2 0
github.com/eclipsemode/go-todo-app/internal/storage/sqlite/todos.go:34.16,36.3 1 0
github.com/eclipsemode/go-todo-app/internal/storage/sqlite/todos.go:38.2,38.27 1 0
github.com/eclipsemode/go-todo-app/internal/storage/sqlite/todos.go:42.56,47.16 4 0
github.com/eclipsemode/go-todo-app/internal/storage/sqlite/todos.go:47.16,49.3 1 0
github.com/eclipsemode/go-todo-app/internal/storage/sqlite/todos.go:51.2,52.16 2 0
github.com/eclipsemode/go-todo-app/internal/storage/sqlite/todos.go:52.16,54.3 1 0
github.com/eclipsemode/go-todo-app/internal/storage/sqlite/todos.go:56.2,56.29 1 0
github.com/eclipsemode/go-todo-app/internal/storage/sqlite/todos.go:56.29,57.38 1 0
github.com/eclipsemode/go-todo-app/internal/storage/sqlite/todos.go:57.38,60.4 2 0
github.com/eclipsemode/go-todo-app/internal/storage/sqlite/todos.go:61.3,62.17 2 0
github.com/eclipsemode/go-todo-app/internal/storage/sqlite/todos.go:62.18,64.4 0 0
github.com/eclipsemode/go-todo-app/internal/storage/sqlite/todos.go:67.2,67.18 1 0
github.com/eclipsemode/go-todo-app/internal/storage/sqlite/todos.go:67.18,69.111 2 0
github.com/eclipsemode/go-todo-app/internal/storage/sqlite/todos.go:69.111,71.4 1 0
github.com/eclipsemode/go-todo-app/internal/storage/sqlite/todos.go:72.3,72.30 1 0
github.com/eclipsemode/go-todo-app/internal/storage/sqlite/todos.go:75.2,75.19 1 0
github.com/eclipsemode/go-todo-app/internal/storage/sqlite/todos.go:78.63,82.16 3 0
github.com/eclipsemode/go-todo-app/internal/storage/sqlite/todos.go:82.16,84.3 1 0
github.com/eclipsemode/go-todo-app/internal/storage/sqlite/todos.go:86.2,88.15 2 0
github.com/eclipsemode/go-todo-app/internal/storage/sqlite/todos.go:88.15,89.38 1 0
github.com/eclipsemode/go-todo-app/internal/storage/sqlite/todos.go:89.38,92.4 2 0
github.com/eclipsemode/go-todo-app/internal/storage/sqlite/todos.go:95.2,97.109 2 0
github.com/eclipsemode/go-todo-app/internal/storage/sqlite/todos.go:97.109,99.3 1 0
github.com/eclipsemode/go-todo-app/internal/storage/sqlite/todos.go:101.2,101.18 1 0
github.com/eclipsemode/go-todo-app/internal/storage/sqlite/todos.go:104.51,108.16 3 0
github.com/eclipsemode/go-todo-app/internal/storage/sqlite/todos.go:108.16,110.3 1 0
github.com/eclipsemode/go-todo-app/internal/storage/sqlite/todos.go:112.2,112.15 1 0
github.com/eclipsemode/go-todo-app/internal/storage/sqlite/todos.go:112.15,113.38 1 0
github.com/eclipsemode/go-todo-app/internal/storage/sqlite/todos.go:113.38,116.4 2 0
github.com/eclipsemode/go-todo-app/internal/storage/sqlite/todos.go:119.2,120.16 2 0
github.com/eclipsemode/go-todo-app/internal/storage/sqlite/todos.go:120.16,122.3 1 0
github.com/eclipsemode/go-todo-app/internal/storage/sqlite/todos.go:123.2,123.12 1 0
github.com/eclipsemode/go-todo-app/internal/storage/sqlite/todos.go:126.105,130.16 3 0
github.com/eclipsemode/go-todo-app/internal/storage/sqlite/todos.go:130.16,132.3 1 0
github.com/eclipsemode/go-todo-app/internal/storage/sqlite/todos.go:134.2,134.15 1 0
github.com/eclipsemode/go-todo-app/internal/storage/sqlite/todos.go:134.15,135.38 1 0
github.com/eclipsemode/go-todo-app/internal/storage/sqlite/todos.go:135.38,138.4 2 0
github.com/eclipsemode/go-todo-app/internal/storage/sqlite/todos.go:141.2,142.16 2 0
github.com/eclipsemode/go-todo-app/internal/storage/sqlite/todos.go:142.16,144.3 1 0
github.com/eclipsemode/go-todo-app/internal/storage/sqlite/todos.go:146.2,146.16 1 0
github.com/eclipsemode/go-todo-app/internal/usecase/todos/todos.go:13.41,15.2 1 0
github.com/eclipsemode/go-todo-app/internal/usecase/todos/todos.go:17.81,19.2 1 0
github.com/eclipsemode/go-todo-app/internal/usecase/todos/todos.go:21.57,23.2 1 0
github.com/eclipsemode/go-todo-app/internal/usecase/todos/todos.go:25.64,27.2 1 0
github.com/eclipsemode/go-todo-app/internal/usecase/todos/todos.go:29.52,31.2 1 0
github.com/eclipsemode/go-todo-app/internal/usecase/todos/todos.go:33.102,35.2 1 0
